<?xml version="1.0" encoding="UTF-8"?>
<!-- Generated by org.testng.reporters.JUnitXMLReporter -->
<testsuite hostname="DESKTOP-BOT5NMH" name="Test" tests="5" failures="2" timestamp="15 Feb 2018 10:12:23 GMT" time="39.694" errors="0">
  <testcase name="runurl" time="18.911" classname="com.sele.IffcoTower.Login"/>
  <testcase name="healthinsuarnce" time="0.266" classname="com.sele.IffcoTower.Login"/>
  <testcase name="familhealth" time="0.312" classname="com.sele.IffcoTower.Login"/>
  <testcase name="buyonlinebutton" time="10.079" classname="com.sele.IffcoTower.Login">
    <failure type="org.openqa.selenium.NoSuchElementException" message="Unable to locate element: //div[@id=&amp;apos;content&amp;apos;]/span/div/div/div/div/a
For documentation on this error, please visit: http://seleniumhq.org/exceptions/no_such_element.html
Build info: version: &amp;apos;3.5.2&amp;apos;, revision: &amp;apos;10229a9&amp;apos;, time: &amp;apos;2017-08-21T17:29:55.15Z&amp;apos;
System info: host: &amp;apos;DESKTOP-BOT5NMH&amp;apos;, ip: &amp;apos;192.168.1.4&amp;apos;, os.name: &amp;apos;Windows 10&amp;apos;, os.arch: &amp;apos;amd64&amp;apos;, os.version: &amp;apos;10.0&amp;apos;, java.version: &amp;apos;1.8.0_151&amp;apos;
Driver info: org.openqa.selenium.firefox.FirefoxDriver
Capabilities [{moz:profile=C:\Users\sharm\AppData\Local\Temp\rust_mozprofile.wKBOvby9s85O, rotatable=false, timeouts={implicit=0, pageLoad=300000, script=30000}, pageLoadStrategy=normal, moz:headless=false, platform=ANY, specificationLevel=0, moz:accessibilityChecks=false, acceptInsecureCerts=false, browserVersion=56.0, platformVersion=10.0, moz:processID=12464, browserName=firefox, javascriptEnabled=true, platformName=windows_nt}]
Session ID: 83c84fe0-5fc2-4686-9005-95dd54fc005e
*** Element info: {Using=xpath, value=//div[@id=&amp;apos;content&amp;apos;]/span/div/div/div/div/a}">
      <![CDATA[org.openqa.selenium.NoSuchElementException: Unable to locate element: //div[@id='content']/span/div/div/div/div/a
For documentation on this error, please visit: http://seleniumhq.org/exceptions/no_such_element.html
Build info: version: '3.5.2', revision: '10229a9', time: '2017-08-21T17:29:55.15Z'
System info: host: 'DESKTOP-BOT5NMH', ip: '192.168.1.4', os.name: 'Windows 10', os.arch: 'amd64', os.version: '10.0', java.version: '1.8.0_151'
Driver info: org.openqa.selenium.firefox.FirefoxDriver
Capabilities [{moz:profile=C:\Users\sharm\AppData\Local\Temp\rust_mozprofile.wKBOvby9s85O, rotatable=false, timeouts={implicit=0, pageLoad=300000, script=30000}, pageLoadStrategy=normal, moz:headless=false, platform=ANY, specificationLevel=0, moz:accessibilityChecks=false, acceptInsecureCerts=false, browserVersion=56.0, platformVersion=10.0, moz:processID=12464, browserName=firefox, javascriptEnabled=true, platformName=windows_nt}]
Session ID: 83c84fe0-5fc2-4686-9005-95dd54fc005e
*** Element info: {Using=xpath, value=//div[@id='content']/span/div/div/div/div/a}
	at org.openqa.selenium.remote.http.W3CHttpResponseCodec.createException(W3CHttpResponseCodec.java:185)
	at org.openqa.selenium.remote.http.W3CHttpResponseCodec.decode(W3CHttpResponseCodec.java:120)
	at org.openqa.selenium.remote.http.W3CHttpResponseCodec.decode(W3CHttpResponseCodec.java:49)
	at org.openqa.selenium.remote.HttpCommandExecutor.execute(HttpCommandExecutor.java:164)
	at org.openqa.selenium.remote.service.DriverCommandExecutor.execute(DriverCommandExecutor.java:82)
	at org.openqa.selenium.remote.RemoteWebDriver.execute(RemoteWebDriver.java:641)
	at org.openqa.selenium.remote.RemoteWebDriver.findElement(RemoteWebDriver.java:414)
	at org.openqa.selenium.remote.RemoteWebDriver.findElementByXPath(RemoteWebDriver.java:513)
	at org.openqa.selenium.By$ByXPath.findElement(By.java:361)
	at org.openqa.selenium.remote.RemoteWebDriver.findElement(RemoteWebDriver.java:406)
	at com.utility.GMethods.getWebElement(GMethods.java:45)
	at com.utility.GMethods.click(GMethods.java:63)
	at com.sele.IffcoTower.LoginPage.buyonlinebutton(LoginPage.java:41)
	at com.sele.IffcoTower.Login.buyonlinebutton(Login.java:50)
... Removed 28 stack frames]]>
    </failure>
  </testcase> <!-- buyonlinebutton -->
  <testcase name="incepdat" time="10.063" classname="com.sele.IffcoTower.Login">
    <failure type="org.openqa.selenium.NoSuchElementException" message="Unable to locate element: //input[@id=&amp;apos;dp1518200063925&amp;apos;]
For documentation on this error, please visit: http://seleniumhq.org/exceptions/no_such_element.html
Build info: version: &amp;apos;3.5.2&amp;apos;, revision: &amp;apos;10229a9&amp;apos;, time: &amp;apos;2017-08-21T17:29:55.15Z&amp;apos;
System info: host: &amp;apos;DESKTOP-BOT5NMH&amp;apos;, ip: &amp;apos;192.168.1.4&amp;apos;, os.name: &amp;apos;Windows 10&amp;apos;, os.arch: &amp;apos;amd64&amp;apos;, os.version: &amp;apos;10.0&amp;apos;, java.version: &amp;apos;1.8.0_151&amp;apos;
Driver info: org.openqa.selenium.firefox.FirefoxDriver
Capabilities [{moz:profile=C:\Users\sharm\AppData\Local\Temp\rust_mozprofile.wKBOvby9s85O, rotatable=false, timeouts={implicit=0, pageLoad=300000, script=30000}, pageLoadStrategy=normal, moz:headless=false, platform=ANY, specificationLevel=0, moz:accessibilityChecks=false, acceptInsecureCerts=false, browserVersion=56.0, platformVersion=10.0, moz:processID=12464, browserName=firefox, javascriptEnabled=true, platformName=windows_nt}]
Session ID: 83c84fe0-5fc2-4686-9005-95dd54fc005e
*** Element info: {Using=xpath, value=//input[@id=&amp;apos;dp1518200063925&amp;apos;]}">
      <![CDATA[org.openqa.selenium.NoSuchElementException: Unable to locate element: //input[@id='dp1518200063925']
For documentation on this error, please visit: http://seleniumhq.org/exceptions/no_such_element.html
Build info: version: '3.5.2', revision: '10229a9', time: '2017-08-21T17:29:55.15Z'
System info: host: 'DESKTOP-BOT5NMH', ip: '192.168.1.4', os.name: 'Windows 10', os.arch: 'amd64', os.version: '10.0', java.version: '1.8.0_151'
Driver info: org.openqa.selenium.firefox.FirefoxDriver
Capabilities [{moz:profile=C:\Users\sharm\AppData\Local\Temp\rust_mozprofile.wKBOvby9s85O, rotatable=false, timeouts={implicit=0, pageLoad=300000, script=30000}, pageLoadStrategy=normal, moz:headless=false, platform=ANY, specificationLevel=0, moz:accessibilityChecks=false, acceptInsecureCerts=false, browserVersion=56.0, platformVersion=10.0, moz:processID=12464, browserName=firefox, javascriptEnabled=true, platformName=windows_nt}]
Session ID: 83c84fe0-5fc2-4686-9005-95dd54fc005e
*** Element info: {Using=xpath, value=//input[@id='dp1518200063925']}
	at org.openqa.selenium.remote.http.W3CHttpResponseCodec.createException(W3CHttpResponseCodec.java:185)
	at org.openqa.selenium.remote.http.W3CHttpResponseCodec.decode(W3CHttpResponseCodec.java:120)
	at org.openqa.selenium.remote.http.W3CHttpResponseCodec.decode(W3CHttpResponseCodec.java:49)
	at org.openqa.selenium.remote.HttpCommandExecutor.execute(HttpCommandExecutor.java:164)
	at org.openqa.selenium.remote.service.DriverCommandExecutor.execute(DriverCommandExecutor.java:82)
	at org.openqa.selenium.remote.RemoteWebDriver.execute(RemoteWebDriver.java:641)
	at org.openqa.selenium.remote.RemoteWebDriver.findElement(RemoteWebDriver.java:414)
	at org.openqa.selenium.remote.RemoteWebDriver.findElementByXPath(RemoteWebDriver.java:513)
	at org.openqa.selenium.By$ByXPath.findElement(By.java:361)
	at org.openqa.selenium.remote.RemoteWebDriver.findElement(RemoteWebDriver.java:406)
	at com.utility.GMethods.getWebElement(GMethods.java:45)
	at com.utility.GMethods.click(GMethods.java:63)
	at com.sele.IffcoTower.LoginPage.incepdate(LoginPage.java:47)
	at com.sele.IffcoTower.Login.incepdat(Login.java:59)
... Removed 28 stack frames]]>
    </failure>
  </testcase> <!-- incepdat -->
</testsuite> <!-- Test -->
